Logfile initialized
[INFO] logfile = /Users/lis186/Dropbox/Titanium/HowIsTheWeather/build.log
[DEBUG] /Library/Application Support/Titanium/mobilesdk/osx/1.7.0.RC1/android/builder.py install "HowIsTheWeather" "/Developer/SDKs/android-sdk-mac_x86" "/Users/lis186/Dropbox/Titanium/HowIsTheWeather" "co.herxun.HowIsTheWeather" "14"
[INFO] Titanium SDK version: 1.7.0 (05/15/11 17:26 e6afca8)
[DEBUG] Waiting for device to be ready ...
[TRACE] adb devices returned 1 devices/emulators
[DEBUG] Device connected... (waited 0 seconds)
[DEBUG] waited 0.065961 seconds on emulator to get ready
[DEBUG] co.herxun.HowIsTheWeather installed? False
[INFO] Copying project resources..
[INFO] Detected tiapp.xml change, forcing full re-build...
[TRACE] COPYING CREATED FILE: /Users/lis186/Dropbox/Titanium/HowIsTheWeather/Resources/android/appicon.png => /Users/lis186/Dropbox/Titanium/HowIsTheWeather/build/android/bin/assets/Resources/appicon.png
[TRACE] COPYING CREATED FILE: /Users/lis186/Dropbox/Titanium/HowIsTheWeather/Resources/android/default.png => /Users/lis186/Dropbox/Titanium/HowIsTheWeather/build/android/bin/assets/Resources/default.png
[TRACE] COPYING CREATED FILE: /Users/lis186/Dropbox/Titanium/HowIsTheWeather/Resources/app.js => /Users/lis186/Dropbox/Titanium/HowIsTheWeather/build/android/bin/assets/Resources/app.js
[TRACE] COPYING CREATED FILE: /Users/lis186/Dropbox/Titanium/HowIsTheWeather/Resources/default_app_logo.png => /Users/lis186/Dropbox/Titanium/HowIsTheWeather/build/android/bin/assets/Resources/default_app_logo.png
[TRACE] COPYING CREATED FILE: /Users/lis186/Dropbox/Titanium/HowIsTheWeather/Resources/images/mostly_cloudy.gif => /Users/lis186/Dropbox/Titanium/HowIsTheWeather/build/android/bin/assets/Resources/images/mostly_cloudy.gif
[TRACE] COPYING CREATED FILE: /Users/lis186/Dropbox/Titanium/HowIsTheWeather/Resources/KS_nav_ui.png => /Users/lis186/Dropbox/Titanium/HowIsTheWeather/build/android/bin/assets/Resources/KS_nav_ui.png
[TRACE] COPYING CREATED FILE: /Users/lis186/Dropbox/Titanium/HowIsTheWeather/Resources/KS_nav_views.png => /Users/lis186/Dropbox/Titanium/HowIsTheWeather/build/android/bin/assets/Resources/KS_nav_views.png
[TRACE] Generating Java Classes
[DEBUG] Processing Android resource drawables
[DEBUG] app stylesheet => /Users/lis186/Dropbox/Titanium/HowIsTheWeather/build/android/gen/co/herxun/HowIsTheWeather/ApplicationStylesheet.java
[DEBUG] copying app icon: /Users/lis186/Dropbox/Titanium/HowIsTheWeather/build/android/bin/assets/Resources/appicon.png
[DEBUG] generating theme.xml
[DEBUG] found drawable-long-land-hdpi splash screen at /Users/lis186/Dropbox/Titanium/HowIsTheWeather/Resources/android/images/res-long-land-hdpi/default.png
[DEBUG] copying /Users/lis186/Dropbox/Titanium/HowIsTheWeather/Resources/android/images/res-long-land-hdpi/default.png splash screen to /Users/lis186/Dropbox/Titanium/HowIsTheWeather/build/android/res/drawable-long-land-hdpi/background.png
[DEBUG] found drawable-long-land-ldpi splash screen at /Users/lis186/Dropbox/Titanium/HowIsTheWeather/Resources/android/images/res-long-land-ldpi/default.png
[DEBUG] copying /Users/lis186/Dropbox/Titanium/HowIsTheWeather/Resources/android/images/res-long-land-ldpi/default.png splash screen to /Users/lis186/Dropbox/Titanium/HowIsTheWeather/build/android/res/drawable-long-land-ldpi/background.png
[DEBUG] found drawable-long-port-hdpi splash screen at /Users/lis186/Dropbox/Titanium/HowIsTheWeather/Resources/android/images/res-long-port-hdpi/default.png
[DEBUG] copying /Users/lis186/Dropbox/Titanium/HowIsTheWeather/Resources/android/images/res-long-port-hdpi/default.png splash screen to /Users/lis186/Dropbox/Titanium/HowIsTheWeather/build/android/res/drawable-long-port-hdpi/background.png
[DEBUG] found drawable-long-port-ldpi splash screen at /Users/lis186/Dropbox/Titanium/HowIsTheWeather/Resources/android/images/res-long-port-ldpi/default.png
[DEBUG] copying /Users/lis186/Dropbox/Titanium/HowIsTheWeather/Resources/android/images/res-long-port-ldpi/default.png splash screen to /Users/lis186/Dropbox/Titanium/HowIsTheWeather/build/android/res/drawable-long-port-ldpi/background.png
[DEBUG] found drawable-notlong-land-hdpi splash screen at /Users/lis186/Dropbox/Titanium/HowIsTheWeather/Resources/android/images/res-notlong-land-hdpi/default.png
[DEBUG] copying /Users/lis186/Dropbox/Titanium/HowIsTheWeather/Resources/android/images/res-notlong-land-hdpi/default.png splash screen to /Users/lis186/Dropbox/Titanium/HowIsTheWeather/build/android/res/drawable-notlong-land-hdpi/background.png
[DEBUG] found drawable-notlong-land-ldpi splash screen at /Users/lis186/Dropbox/Titanium/HowIsTheWeather/Resources/android/images/res-notlong-land-ldpi/default.png
[DEBUG] copying /Users/lis186/Dropbox/Titanium/HowIsTheWeather/Resources/android/images/res-notlong-land-ldpi/default.png splash screen to /Users/lis186/Dropbox/Titanium/HowIsTheWeather/build/android/res/drawable-notlong-land-ldpi/background.png
[DEBUG] found drawable-notlong-land-mdpi splash screen at /Users/lis186/Dropbox/Titanium/HowIsTheWeather/Resources/android/images/res-notlong-land-mdpi/default.png
[DEBUG] copying /Users/lis186/Dropbox/Titanium/HowIsTheWeather/Resources/android/images/res-notlong-land-mdpi/default.png splash screen to /Users/lis186/Dropbox/Titanium/HowIsTheWeather/build/android/res/drawable-notlong-land-mdpi/background.png
[DEBUG] found drawable-notlong-port-hdpi splash screen at /Users/lis186/Dropbox/Titanium/HowIsTheWeather/Resources/android/images/res-notlong-port-hdpi/default.png
[DEBUG] copying /Users/lis186/Dropbox/Titanium/HowIsTheWeather/Resources/android/images/res-notlong-port-hdpi/default.png splash screen to /Users/lis186/Dropbox/Titanium/HowIsTheWeather/build/android/res/drawable-notlong-port-hdpi/background.png
[DEBUG] found drawable-notlong-port-ldpi splash screen at /Users/lis186/Dropbox/Titanium/HowIsTheWeather/Resources/android/images/res-notlong-port-ldpi/default.png
[DEBUG] copying /Users/lis186/Dropbox/Titanium/HowIsTheWeather/Resources/android/images/res-notlong-port-ldpi/default.png splash screen to /Users/lis186/Dropbox/Titanium/HowIsTheWeather/build/android/res/drawable-notlong-port-ldpi/background.png
[DEBUG] found drawable-notlong-port-mdpi splash screen at /Users/lis186/Dropbox/Titanium/HowIsTheWeather/Resources/android/images/res-notlong-port-mdpi/default.png
[DEBUG] copying /Users/lis186/Dropbox/Titanium/HowIsTheWeather/Resources/android/images/res-notlong-port-mdpi/default.png splash screen to /Users/lis186/Dropbox/Titanium/HowIsTheWeather/build/android/res/drawable-notlong-port-mdpi/background.png
[DEBUG] found splash screen at /Users/lis186/Dropbox/Titanium/HowIsTheWeather/build/android/bin/assets/Resources/default.png
[TRACE] Writing out AndroidManifest.xml
[DEBUG] adding /Users/lis186/Dropbox/Titanium/HowIsTheWeather/build/android/gen/co/herxun/HowIsTheWeather/ApplicationStylesheet.java to javac build list
[DEBUG] adding /Users/lis186/Dropbox/Titanium/HowIsTheWeather/build/android/gen/co/herxun/HowIsTheWeather/HowistheweatherActivity.java to javac build list
[DEBUG] adding /Users/lis186/Dropbox/Titanium/HowIsTheWeather/build/android/gen/co/herxun/HowIsTheWeather/HowistheweatherAppInfo.java to javac build list
[DEBUG] adding /Users/lis186/Dropbox/Titanium/HowIsTheWeather/build/android/gen/co/herxun/HowIsTheWeather/HowistheweatherApplication.java to javac build list
[DEBUG] adding /Users/lis186/Dropbox/Titanium/HowIsTheWeather/build/android/gen/co/herxun/HowIsTheWeather/R.java to javac build list
[DEBUG] Building Java Sources: "/Users/lis186/Dropbox/Titanium/HowIsTheWeather/build/android/gen/co/herxun/HowIsTheWeather/ApplicationStylesheet.java" "/Users/lis186/Dropbox/Titanium/HowIsTheWeather/build/android/gen/co/herxun/HowIsTheWeather/HowistheweatherActivity.java" "/Users/lis186/Dropbox/Titanium/HowIsTheWeather/build/android/gen/co/herxun/HowIsTheWeather/HowistheweatherAppInfo.java" "/Users/lis186/Dropbox/Titanium/HowIsTheWeather/build/android/gen/co/herxun/HowIsTheWeather/HowistheweatherApplication.java" "/Users/lis186/Dropbox/Titanium/HowIsTheWeather/build/android/gen/co/herxun/HowIsTheWeather/R.java"
[INFO] Waiting for SDCard to become available..
[INFO] Compiling Android Resources... This could take some time
[DEBUG] Android classes.dex built
[DEBUG] creating unsigned apk: /Users/lis186/Dropbox/Titanium/HowIsTheWeather/build/android/bin/app-unsigned.apk
[DEBUG] from resource zip => assets/Resources/images/mostly_cloudy.gif
[DEBUG] from resource zip => assets/Resources/KS_nav_ui.png
[DEBUG] from resource zip => assets/Resources/KS_nav_views.png
[DEBUG] from resource zip => assets/Resources/app.js
[DEBUG] from resource zip => assets/Resources/appicon.png
[DEBUG] from resource zip => assets/Resources/default.png
[DEBUG] from resource zip => assets/Resources/default_app_logo.png
[DEBUG] from resource zip => assets/tiapp.xml
[DEBUG] from resource zip => res/drawable/appicon.png
[DEBUG] from resource zip => res/drawable/background.png
[DEBUG] from resource zip => res/layout/titanium_tabgroup.xml
[DEBUG] from resource zip => AndroidManifest.xml
[DEBUG] from resource zip => resources.arsc
[DEBUG] from resource zip => res/drawable-long-land-hdpi/background.png
[DEBUG] from resource zip => res/drawable-long-land-ldpi/background.png
[DEBUG] from resource zip => res/drawable-long-port-hdpi/background.png
[DEBUG] from resource zip => res/drawable-long-port-ldpi/background.png
[DEBUG] from resource zip => res/drawable-notlong-land-hdpi/background.png
[DEBUG] from resource zip => res/drawable-notlong-land-ldpi/background.png
[DEBUG] from resource zip => res/drawable-notlong-land-mdpi/background.png
[DEBUG] from resource zip => res/drawable-notlong-port-hdpi/background.png
[DEBUG] from resource zip => res/drawable-notlong-port-ldpi/background.png
[DEBUG] from resource zip => res/drawable-notlong-port-mdpi/background.png
[DEBUG] from JAR /Library/Application Support/Titanium/mobilesdk/osx/1.7.0.RC1/android/smalljs.jar => org/mozilla/javascript/resources/Messages.properties
[DEBUG] from JAR /Library/Application Support/Titanium/mobilesdk/osx/1.7.0.RC1/android/smalljs.jar => org/mozilla/javascript/resources/Messages_fr.properties
[DEBUG] from JAR /Library/Application Support/Titanium/mobilesdk/osx/1.7.0.RC1/android/titanium.jar => org/apache/Commons-NOTICE.txt
[DEBUG] from JAR /Library/Application Support/Titanium/mobilesdk/osx/1.7.0.RC1/android/titanium.jar => org/apache/HttpComponents-NOTICE.txt
[DEBUG] from JAR /Library/Application Support/Titanium/mobilesdk/osx/1.7.0.RC1/android/titanium.jar => org/apache/mime4j-NOTICE.txt
[DEBUG] from JAR /Library/Application Support/Titanium/mobilesdk/osx/1.7.0.RC1/android/titanium.jar => org/appcelerator/titanium/build.properties
[DEBUG] from JAR /Library/Application Support/Titanium/mobilesdk/osx/1.7.0.RC1/android/titanium.jar => org/appcelerator/titanium/res/drawable/background.png
[DEBUG] from JAR /Library/Application Support/Titanium/mobilesdk/osx/1.7.0.RC1/android/titanium.jar => org/appcelerator/titanium/res/drawable/btn_check_buttonless_on.png
[DEBUG] from JAR /Library/Application Support/Titanium/mobilesdk/osx/1.7.0.RC1/android/titanium.jar => org/appcelerator/titanium/res/drawable/btn_check_buttonless_on_18.png
[DEBUG] from JAR /Library/Application Support/Titanium/mobilesdk/osx/1.7.0.RC1/android/titanium.jar => org/appcelerator/titanium/res/drawable/btn_check_buttonless_on_48.png
[DEBUG] from JAR /Library/Application Support/Titanium/mobilesdk/osx/1.7.0.RC1/android/titanium.jar => org/appcelerator/titanium/res/drawable/btn_more.png
[DEBUG] from JAR /Library/Application Support/Titanium/mobilesdk/osx/1.7.0.RC1/android/titanium.jar => org/appcelerator/titanium/res/drawable/btn_more_18.png
[DEBUG] from JAR /Library/Application Support/Titanium/mobilesdk/osx/1.7.0.RC1/android/titanium.jar => org/appcelerator/titanium/res/drawable/btn_more_48.png
[DEBUG] from JAR /Library/Application Support/Titanium/mobilesdk/osx/1.7.0.RC1/android/titanium.jar => org/appcelerator/titanium/res/drawable/btn_picker_normal.9.png
[DEBUG] from JAR /Library/Application Support/Titanium/mobilesdk/osx/1.7.0.RC1/android/titanium.jar => org/appcelerator/titanium/res/drawable/btn_picker_pressed.9.png
[DEBUG] from JAR /Library/Application Support/Titanium/mobilesdk/osx/1.7.0.RC1/android/titanium.jar => org/appcelerator/titanium/res/drawable/btn_picker_selected.9.png
[DEBUG] from JAR /Library/Application Support/Titanium/mobilesdk/osx/1.7.0.RC1/android/titanium.jar => org/appcelerator/titanium/res/drawable/default_icon.png
[DEBUG] from JAR /Library/Application Support/Titanium/mobilesdk/osx/1.7.0.RC1/android/titanium.jar => org/appcelerator/titanium/res/drawable/photoDefault.png
[DEBUG] from JAR /Library/Application Support/Titanium/mobilesdk/osx/1.7.0.RC1/android/modules/titanium-ui.jar => ti/modules/titanium/ui/widget/webview/binding.js
[DEBUG] from JAR /Library/Application Support/Titanium/mobilesdk/osx/1.7.0.RC1/android/modules/titanium-ui.jar => ti/modules/titanium/ui/widget/webview/binding.min.js
[DEBUG] from JAR /Library/Application Support/Titanium/mobilesdk/osx/1.7.0.RC1/android/modules/titanium-ui.jar => ti/modules/titanium/ui/widget/webview/json2.js
[DEBUG] Waiting for device to be ready ...
[TRACE] adb devices returned 1 devices/emulators
[DEBUG] Device connected... (waited 0 seconds)
[DEBUG] waited 0.048336 seconds on emulator to get ready
[INFO] Installing application on emulator
[INFO] Application installed. Launch from drawer on Home Screen
